mode: set
github.com/cobbles/ant-simulator/main.go:8.13,11.45 3 0
github.com/cobbles/ant-simulator/main.go:11.45,13.3 1 0
github.com/cobbles/ant-simulator/ant/move_ant.go:10.52,15.2 4 1
github.com/cobbles/ant-simulator/server/routes.go:15.65,17.67 2 0
github.com/cobbles/ant-simulator/server/routes.go:17.67,19.3 1 0
github.com/cobbles/ant-simulator/server/routes.go:22.56,23.54 1 0
github.com/cobbles/ant-simulator/server/routes.go:23.54,25.17 2 0
github.com/cobbles/ant-simulator/server/routes.go:25.17,28.4 2 0
github.com/cobbles/ant-simulator/server/routes.go:29.3,31.7 2 0
github.com/cobbles/ant-simulator/server/routes.go:31.7,37.4 3 0
github.com/cobbles/ant-simulator/server/server.go:9.25,19.2 4 0
github.com/cobbles/ant-simulator/app/app.go:20.14,21.21 1 0
github.com/cobbles/ant-simulator/app/app.go:21.21,26.3 1 0
github.com/cobbles/ant-simulator/app/app.go:28.2,28.21 1 0
github.com/cobbles/ant-simulator/app/app.go:31.23,32.6 1 0
github.com/cobbles/ant-simulator/app/app.go:32.6,33.29 1 0
github.com/cobbles/ant-simulator/app/app.go:33.29,35.4 1 0
github.com/cobbles/ant-simulator/app/app.go:36.3,36.40 1 0
